2025-07-20 21:00:00,026 - AITerminalPal - ERROR - Initialization error: 'AITerminalPal' object has no attribute 'cmd_config'
2025-07-20 21:00:00,042 - AITerminalPal - ERROR - Startup error details
Traceback (most recent call last):
  File "c:\Users\priya\My files\Studies\VS Code\Python\ai_chat_assistant.py", line 4268, in main
    app.run()
AttributeError: 'AITerminalPal' object has no attribute 'run'
2025-07-20 21:09:12,949 - AITerminalPal - ERROR - Initialization error: 'AITerminalPal' object has no attribute 'cmd_config'
2025-07-20 21:09:12,952 - AITerminalPal - ERROR - Startup error details
Traceback (most recent call last):
  File "c:\Users\priya\My files\Studies\VS Code\Python\ai_chat_assistant.py", line 4268, in main
    asyncio.run(app.run())  # ADD asyncio.run() here
AttributeError: 'AITerminalPal' object has no attribute 'run'
2025-07-20 21:23:59,247 - AITerminalPal - ERROR - Initialization error: 'AITerminalPal' object has no attribute 'cmd_config'
2025-07-20 21:23:59,250 - AITerminalPal - ERROR - Startup error details
Traceback (most recent call last):
  File "c:\Users\priya\My files\Studies\VS Code\Python\ai_chat_assistant.py", line 4268, in main
    asyncio.run(app.run())  # ADD asyncio.run() here
AttributeError: 'AITerminalPal' object has no attribute 'run'
2025-07-20 21:24:10,328 - AITerminalPal - ERROR - Initialization error: 'AITerminalPal' object has no attribute 'cmd_config'
2025-07-20 21:24:10,334 - AITerminalPal - ERROR - Startup error details
Traceback (most recent call last):
  File "c:\Users\priya\My files\Studies\VS Code\Python\ai_chat_assistant.py", line 4268, in main
    asyncio.run(app.run())  # ADD asyncio.run() here
AttributeError: 'AITerminalPal' object has no attribute 'run'
2025-07-20 21:29:01,580 - AITerminalPal - ERROR - Initialization error: 'AITerminalPal' object has no attribute 'cmd_provider'
2025-07-20 21:29:01,580 - AITerminalPal - ERROR - Startup error details
Traceback (most recent call last):
  File "c:\Users\priya\My files\Studies\VS Code\Python\ai_chat_assistant.py", line 4274, in main
    asyncio.run(app.run())  # ADD asyncio.run() here
  File "C:\Users\priya\AppData\Local\Programs\Python\Python310\lib\asyncio\runners.py", line 37, in run
    raise ValueError("a coroutine was expected, got {!r}".format(main))
ValueError: a coroutine was expected, got None
2025-07-20 21:29:25,626 - AITerminalPal - ERROR - Initialization error: 'AITerminalPal' object has no attribute 'cmd_model'
2025-07-20 21:29:25,626 - AITerminalPal - ERROR - Startup error details
Traceback (most recent call last):
  File "c:\Users\priya\My files\Studies\VS Code\Python\ai_chat_assistant.py", line 4277, in main
    asyncio.run(app.run())  # ADD asyncio.run() here
  File "C:\Users\priya\AppData\Local\Programs\Python\Python310\lib\asyncio\runners.py", line 37, in run
    raise ValueError("a coroutine was expected, got {!r}".format(main))
ValueError: a coroutine was expected, got None
2025-07-20 21:29:49,087 - AITerminalPal - ERROR - Initialization error: 'AITerminalPal' object has no attribute 'cmd_theme'
2025-07-20 21:29:49,090 - AITerminalPal - ERROR - Startup error details
Traceback (most recent call last):
  File "c:\Users\priya\My files\Studies\VS Code\Python\ai_chat_assistant.py", line 4280, in main
    asyncio.run(app.run())  # ADD asyncio.run() here
  File "C:\Users\priya\AppData\Local\Programs\Python\Python310\lib\asyncio\runners.py", line 37, in run
    raise ValueError("a coroutine was expected, got {!r}".format(main))
ValueError: a coroutine was expected, got None
2025-07-20 21:30:08,149 - AITerminalPal - ERROR - Initialization error: 'AITerminalPal' object has no attribute 'cmd_reset'
2025-07-20 21:30:08,155 - AITerminalPal - ERROR - Startup error details
Traceback (most recent call last):
  File "c:\Users\priya\My files\Studies\VS Code\Python\ai_chat_assistant.py", line 4283, in main
    asyncio.run(app.run())  # ADD asyncio.run() here
  File "C:\Users\priya\AppData\Local\Programs\Python\Python310\lib\asyncio\runners.py", line 37, in run
    raise ValueError("a coroutine was expected, got {!r}".format(main))
ValueError: a coroutine was expected, got None
2025-07-20 21:34:39,599 - AITerminalPal - ERROR - Initialization error: 'AITerminalPal' object has no attribute 'cmd_help'
2025-07-20 21:34:39,599 - AITerminalPal - ERROR - Startup error details
Traceback (most recent call last):
  File "c:\Users\priya\My files\Studies\VS Code\Python\ai_chat_assistant.py", line 4314, in main
    asyncio.run(app.run())  # ADD asyncio.run() here
AttributeError: 'AITerminalPal' object has no attribute 'run'
2025-07-20 21:37:04,357 - AITerminalPal - ERROR - Initialization error: 'AITerminalPal' object has no attribute 'cmd_nav'
2025-07-20 21:37:04,366 - AITerminalPal - ERROR - Startup error details
Traceback (most recent call last):
  File "c:\Users\priya\My files\Studies\VS Code\Python\ai_chat_assistant.py", line 4483, in main
    asyncio.run(app.run())  # ADD asyncio.run() here
AttributeError: 'AITerminalPal' object has no attribute 'run'
2025-07-20 21:38:17,106 - AITerminalPal - ERROR - Initialization error: 'AITerminalPal' object has no attribute 'cmd_quick'
2025-07-20 21:38:17,113 - AITerminalPal - ERROR - Startup error details
Traceback (most recent call last):
  File "c:\Users\priya\My files\Studies\VS Code\Python\ai_chat_assistant.py", line 4513, in main
    asyncio.run(app.run())  # ADD asyncio.run() here
AttributeError: 'AITerminalPal' object has no attribute 'run'
2025-07-20 21:39:29,534 - AITerminalPal - ERROR - Initialization error: 'AITerminalPal' object has no attribute 'cmd_quick'
2025-07-20 21:39:29,537 - AITerminalPal - ERROR - Startup error details
Traceback (most recent call last):
  File "c:\Users\priya\My files\Studies\VS Code\Python\ai_chat_assistant.py", line 4513, in main
    asyncio.run(app.run())  # ADD asyncio.run() here
AttributeError: 'AITerminalPal' object has no attribute 'run'
2025-07-20 21:40:21,185 - AITerminalPal - ERROR - Initialization error: 'AITerminalPal' object has no attribute 'cmd_explain'
2025-07-20 21:40:21,190 - AITerminalPal - ERROR - Startup error details
Traceback (most recent call last):
  File "c:\Users\priya\My files\Studies\VS Code\Python\ai_chat_assistant.py", line 4561, in main
    asyncio.run(app.run())  # ADD asyncio.run() here
AttributeError: 'AITerminalPal' object has no attribute 'run'
2025-07-20 21:41:32,923 - AITerminalPal - ERROR - Initialization error: 'AITerminalPal' object has no attribute 'cmd_attach'
2025-07-20 21:41:32,929 - AITerminalPal - ERROR - Startup error details
Traceback (most recent call last):
  File "c:\Users\priya\My files\Studies\VS Code\Python\ai_chat_assistant.py", line 4605, in main
    asyncio.run(app.run())  # ADD asyncio.run() here
AttributeError: 'AITerminalPal' object has no attribute 'run'
2025-07-20 21:42:04,685 - AITerminalPal - ERROR - Initialization error: 'AITerminalPal' object has no attribute 'cmd_read'
2025-07-20 21:42:04,685 - AITerminalPal - ERROR - Startup error details
Traceback (most recent call last):
  File "c:\Users\priya\My files\Studies\VS Code\Python\ai_chat_assistant.py", line 4604, in main
    asyncio.run(app.run())  # ADD asyncio.run() here
AttributeError: 'AITerminalPal' object has no attribute 'run'
2025-07-20 21:42:43,580 - AITerminalPal - ERROR - Initialization error: 'AITerminalPal' object has no attribute 'cmd_analyze'
2025-07-20 21:42:43,580 - AITerminalPal - ERROR - Startup error details
Traceback (most recent call last):
  File "c:\Users\priya\My files\Studies\VS Code\Python\ai_chat_assistant.py", line 4605, in main
    asyncio.run(app.run())  # ADD asyncio.run() here
AttributeError: 'AITerminalPal' object has no attribute 'run'
2025-07-20 21:44:20,330 - AITerminalPal - INFO - AI Terminal Pal v2.0 initialized successfully
2025-07-20 21:44:20,330 - AITerminalPal - ERROR - Startup error details
Traceback (most recent call last):
  File "c:\Users\priya\My files\Studies\VS Code\Python\ai_chat_assistant.py", line 4605, in main
    asyncio.run(app.run())  # ADD asyncio.run() here
AttributeError: 'AITerminalPal' object has no attribute 'run'
2025-07-20 21:46:42,377 - AITerminalPal - INFO - AI Terminal Pal v2.0 initialized successfully
2025-07-20 21:47:49,775 - AITerminalPal - INFO - AI Terminal Pal v2.0 initialized successfully
2025-07-20 21:49:57,215 - AITerminalPal - INFO - AI Terminal Pal v2.0 initialized successfully
2025-07-20 21:51:40,610 - AITerminalPal - ERROR - Initialization error: 'AITerminalPal' object has no attribute 'cmd_help'
2025-07-20 21:54:52,672 - AITerminalPal - ERROR - Initialization error: 'AITerminalPal' object has no attribute 'cmd_help'
2025-07-20 22:01:59,458 - AITerminalPal - ERROR - Initialization error: 'AITerminalPal' object has no attribute 'cmd_help'
2025-07-21 11:43:08,169 - AITerminalPal - ERROR - Startup error: 'AITerminalPal' object has no attribute 'customize_interface'
Traceback (most recent call last):
  File "c:\Users\priya\My files\Studies\VS Code\Python\ai_chat_assistant.py", line 2047, in main
    app = AITerminalPal()
  File "c:\Users\priya\My files\Studies\VS Code\Python\ai_chat_assistant.py", line 588, in __init__
    self.register_enhanced_commands()
  File "c:\Users\priya\My files\Studies\VS Code\Python\ai_chat_assistant.py", line 741, in register_enhanced_commands
    '/customize': self.customize_interface,
AttributeError: 'AITerminalPal' object has no attribute 'customize_interface'
2025-07-21 11:56:41,940 - AITerminalPal - ERROR - Startup error: 'AITerminalPal' object has no attribute 'customize_interface'
Traceback (most recent call last):
  File "c:\Users\priya\My files\Studies\VS Code\Python\ai_chat_assistant.py", line 3846, in main
    app = AITerminalPal()
  File "c:\Users\priya\My files\Studies\VS Code\Python\ai_chat_assistant.py", line 588, in __init__
    self.register_enhanced_commands()
  File "c:\Users\priya\My files\Studies\VS Code\Python\ai_chat_assistant.py", line 741, in register_enhanced_commands
    '/customize': self.customize_interface,
AttributeError: 'AITerminalPal' object has no attribute 'customize_interface'
2025-07-21 11:57:24,766 - AITerminalPal - ERROR - Startup error: 'AITerminalPal' object has no attribute 'customize_interface'
Traceback (most recent call last):
  File "c:\Users\priya\My files\Studies\VS Code\Python\ai_chat_assistant.py", line 3846, in main
    app = AITerminalPal()
  File "c:\Users\priya\My files\Studies\VS Code\Python\ai_chat_assistant.py", line 588, in __init__
    self.register_enhanced_commands()
  File "c:\Users\priya\My files\Studies\VS Code\Python\ai_chat_assistant.py", line 741, in register_enhanced_commands
    '/customize': self.customize_interface,
AttributeError: 'AITerminalPal' object has no attribute 'customize_interface'
2025-07-21 12:04:22,900 - AITerminalPal - ERROR - Startup error: 'AITerminalPal' object has no attribute 'customize_interface'
Traceback (most recent call last):
  File "c:\Users\priya\My files\Studies\VS Code\Python\ai_chat_assistant.py", line 1564, in main
    app = AITerminalPal()
  File "c:\Users\priya\My files\Studies\VS Code\Python\ai_chat_assistant.py", line 588, in __init__
    self.register_enhanced_commands()
  File "c:\Users\priya\My files\Studies\VS Code\Python\ai_chat_assistant.py", line 741, in register_enhanced_commands
    '/customize': self.customize_interface,
AttributeError: 'AITerminalPal' object has no attribute 'customize_interface'
